<?xml version="1.0" encoding="UTF-8"?>
<!-- Generated by org.testng.reporters.JUnitReportReporter -->
<testsuite hostname="ShreyasS-W10" failures="0" tests="2" name="com.Login.RiseApi.LoginApisTest" time="3.397" errors="0" timestamp="2022-04-02T20:32:52 IST" skipped="1">
  <testcase classname="com.Login.RiseApi.LoginApisTest" name="Login_WEBPM" time="3.397"/>
  <system-out/>
  <testcase classname="com.Login.RiseApi.LoginApisTest" name="Login_WEBSTAFFPM">
    <skipped/>
  </testcase> <!-- Login_WEBSTAFFPM -->
  <system-out/>
</testsuite> <!-- com.Login.RiseApi.LoginApisTest -->
