<?xml version="1.0" encoding="UTF-8"?>
<!-- Generated by org.testng.reporters.JUnitReportReporter -->
<testsuite hostname="ShreyasS-W10" failures="0" tests="2" name="com.Login.RiseApi.LoginApisTest" time="4.182" errors="0" timestamp="2022-04-04T12:27:36 IST" skipped="0">
  <testcase classname="com.Login.RiseApi.LoginApisTest" name="Login_WEBPM" time="2.613"/>
  <system-out/>
  <testcase classname="com.Login.RiseApi.LoginApisTest" name="Login_WEBSTAFFPM" time="1.569"/>
  <system-out/>
</testsuite> <!-- com.Login.RiseApi.LoginApisTest -->
